<?xml version="1.0" encoding="UTF-8"?>
<!-- Generated by org.testng.reporters.JUnitReportReporter -->
<testsuite hostname="kd-Laptop" failures="0" tests="4" name="com.amazon.qa.testcases.ProductPageTest" time="83.935" errors="0" timestamp="2022-07-28T22:09:57 EDT" skipped="0">
  <testcase classname="com.amazon.qa.testcases.ProductPageTest" name="pageTitleTest" time="15.311"/>
  <system-out/>
  <testcase classname="com.amazon.qa.testcases.ProductPageTest" name="prodBrandTest" time="17.783"/>
  <system-out/>
  <testcase classname="com.amazon.qa.testcases.ProductPageTest" name="prodPriceTest" time="18.709"/>
  <system-out/>
  <testcase classname="com.amazon.qa.testcases.ProductPageTest" name="purchaseProductTest" time="32.132"/>
  <system-out/>
</testsuite> <!-- com.amazon.qa.testcases.ProductPageTest -->
